2024-04-09T12:02:28: PM2 log: ===============================================================================
2024-04-09T12:02:28: PM2 log: --- New PM2 Daemon started ----------------------------------------------------
2024-04-09T12:02:28: PM2 log: Time                 : Tue Apr 09 2024 12:02:28 GMT-0300 (Brasilia Standard Time)
2024-04-09T12:02:28: PM2 log: PM2 version          : 5.3.1
2024-04-09T12:02:28: PM2 log: Node.js version      : 16.20.2
2024-04-09T12:02:28: PM2 log: Current arch         : x64
2024-04-09T12:02:28: PM2 log: PM2 home             : /home/deploy/whatsneed/.pm2
2024-04-09T12:02:28: PM2 log: PM2 PID file         : /home/deploy/whatsneed/.pm2/pm2.pid
2024-04-09T12:02:28: PM2 log: RPC socket file      : /home/deploy/whatsneed/.pm2/rpc.sock
2024-04-09T12:02:28: PM2 log: BUS socket file      : /home/deploy/whatsneed/.pm2/pub.sock
2024-04-09T12:02:28: PM2 log: Application log path : /home/deploy/whatsneed/.pm2/logs
2024-04-09T12:02:28: PM2 log: Worker Interval      : 30000
2024-04-09T12:02:28: PM2 log: Process dump file    : /home/deploy/whatsneed/.pm2/dump.pm2
2024-04-09T12:02:28: PM2 log: Concurrent actions   : 2
2024-04-09T12:02:28: PM2 log: SIGTERM timeout      : 1600
2024-04-09T12:02:28: PM2 log: ===============================================================================
2024-04-09T12:02:28: PM2 log: PM2 successfully stopped
2024-04-09T12:02:57: PM2 log: ===============================================================================
2024-04-09T12:02:57: PM2 log: --- New PM2 Daemon started ----------------------------------------------------
2024-04-09T12:02:57: PM2 log: Time                 : Tue Apr 09 2024 12:02:57 GMT-0300 (Brasilia Standard Time)
2024-04-09T12:02:57: PM2 log: PM2 version          : 5.3.1
2024-04-09T12:02:57: PM2 log: Node.js version      : 16.20.2
2024-04-09T12:02:57: PM2 log: Current arch         : x64
2024-04-09T12:02:57: PM2 log: PM2 home             : /home/deploy/whatsneed/.pm2
2024-04-09T12:02:57: PM2 log: PM2 PID file         : /home/deploy/whatsneed/.pm2/pm2.pid
2024-04-09T12:02:57: PM2 log: RPC socket file      : /home/deploy/whatsneed/.pm2/rpc.sock
2024-04-09T12:02:57: PM2 log: BUS socket file      : /home/deploy/whatsneed/.pm2/pub.sock
2024-04-09T12:02:57: PM2 log: Application log path : /home/deploy/whatsneed/.pm2/logs
2024-04-09T12:02:57: PM2 log: Worker Interval      : 30000
2024-04-09T12:02:57: PM2 log: Process dump file    : /home/deploy/whatsneed/.pm2/dump.pm2
2024-04-09T12:02:57: PM2 log: Concurrent actions   : 2
2024-04-09T12:02:57: PM2 log: SIGTERM timeout      : 1600
2024-04-09T12:02:57: PM2 log: ===============================================================================
2024-05-17T00:57:16: PM2 log: ===============================================================================
2024-05-17T00:57:17: PM2 log: --- New PM2 Daemon started ----------------------------------------------------
2024-05-17T00:57:17: PM2 log: Time                 : Fri May 17 2024 00:57:17 GMT-0300 (Brasilia Standard Time)
2024-05-17T00:57:17: PM2 log: PM2 version          : 5.3.1
2024-05-17T00:57:17: PM2 log: Node.js version      : 16.20.2
2024-05-17T00:57:17: PM2 log: Current arch         : x64
2024-05-17T00:57:17: PM2 log: PM2 home             : /home/deploy/whatsneed/.pm2
2024-05-17T00:57:17: PM2 log: PM2 PID file         : /home/deploy/whatsneed/.pm2/pm2.pid
2024-05-17T00:57:17: PM2 log: RPC socket file      : /home/deploy/whatsneed/.pm2/rpc.sock
2024-05-17T00:57:17: PM2 log: BUS socket file      : /home/deploy/whatsneed/.pm2/pub.sock
2024-05-17T00:57:17: PM2 log: Application log path : /home/deploy/whatsneed/.pm2/logs
2024-05-17T00:57:17: PM2 log: Worker Interval      : 30000
2024-05-17T00:57:17: PM2 log: Process dump file    : /home/deploy/whatsneed/.pm2/dump.pm2
2024-05-17T00:57:17: PM2 log: Concurrent actions   : 2
2024-05-17T00:57:17: PM2 log: SIGTERM timeout      : 1600
2024-05-17T00:57:17: PM2 log: ===============================================================================
2024-05-17T01:04:28: PM2 log: PM2 successfully stopped
2024-05-17T01:05:08: PM2 log: ===============================================================================
2024-05-17T01:05:08: PM2 log: --- New PM2 Daemon started ----------------------------------------------------
2024-05-17T01:05:08: PM2 log: Time                 : Fri May 17 2024 01:05:08 GMT-0300 (Brasilia Standard Time)
2024-05-17T01:05:08: PM2 log: PM2 version          : 5.3.1
2024-05-17T01:05:08: PM2 log: Node.js version      : 16.20.2
2024-05-17T01:05:08: PM2 log: Current arch         : x64
2024-05-17T01:05:08: PM2 log: PM2 home             : /home/deploy/whatsneed/.pm2
2024-05-17T01:05:08: PM2 log: PM2 PID file         : /home/deploy/whatsneed/.pm2/pm2.pid
2024-05-17T01:05:08: PM2 log: RPC socket file      : /home/deploy/whatsneed/.pm2/rpc.sock
2024-05-17T01:05:08: PM2 log: BUS socket file      : /home/deploy/whatsneed/.pm2/pub.sock
2024-05-17T01:05:08: PM2 log: Application log path : /home/deploy/whatsneed/.pm2/logs
2024-05-17T01:05:08: PM2 log: Worker Interval      : 30000
2024-05-17T01:05:08: PM2 log: Process dump file    : /home/deploy/whatsneed/.pm2/dump.pm2
2024-05-17T01:05:08: PM2 log: Concurrent actions   : 2
2024-05-17T01:05:08: PM2 log: SIGTERM timeout      : 1600
2024-05-17T01:05:08: PM2 log: ===============================================================================
2024-05-17T01:10:49: PM2 log: ===============================================================================
2024-05-17T01:10:49: PM2 log: --- New PM2 Daemon started ----------------------------------------------------
2024-05-17T01:10:49: PM2 log: Time                 : Fri May 17 2024 01:10:49 GMT-0300 (Brasilia Standard Time)
2024-05-17T01:10:49: PM2 log: PM2 version          : 5.3.1
2024-05-17T01:10:49: PM2 log: Node.js version      : 16.20.2
2024-05-17T01:10:49: PM2 log: Current arch         : x64
2024-05-17T01:10:49: PM2 log: PM2 home             : /home/deploy/whatsneed/.pm2
2024-05-17T01:10:49: PM2 log: PM2 PID file         : /home/deploy/whatsneed/.pm2/pm2.pid
2024-05-17T01:10:49: PM2 log: RPC socket file      : /home/deploy/whatsneed/.pm2/rpc.sock
2024-05-17T01:10:49: PM2 log: BUS socket file      : /home/deploy/whatsneed/.pm2/pub.sock
2024-05-17T01:10:49: PM2 log: Application log path : /home/deploy/whatsneed/.pm2/logs
2024-05-17T01:10:49: PM2 log: Worker Interval      : 30000
2024-05-17T01:10:49: PM2 log: Process dump file    : /home/deploy/whatsneed/.pm2/dump.pm2
2024-05-17T01:10:49: PM2 log: Concurrent actions   : 2
2024-05-17T01:10:49: PM2 log: SIGTERM timeout      : 1600
2024-05-17T01:10:49: PM2 log: ===============================================================================
2024-05-25T01:10:51: PM2 log: [PM2] This PM2 is not UP TO DATE
2024-05-25T01:10:51: PM2 log: [PM2] Upgrade to version 5.4.0
2024-05-26T01:10:51: PM2 log: [PM2] This PM2 is not UP TO DATE
2024-05-26T01:10:51: PM2 log: [PM2] Upgrade to version 5.4.0
2024-05-27T01:10:51: PM2 log: [PM2] This PM2 is not UP TO DATE
2024-05-27T01:10:51: PM2 log: [PM2] Upgrade to version 5.4.0
2024-05-28T01:10:51: PM2 log: [PM2] This PM2 is not UP TO DATE
2024-05-28T01:10:51: PM2 log: [PM2] Upgrade to version 5.4.0
2024-05-29T01:10:51: PM2 log: [PM2] This PM2 is not UP TO DATE
2024-05-29T01:10:51: PM2 log: [PM2] Upgrade to version 5.4.0
